<?xml version="1.0" encoding="UTF-8"?>
<testng-results ignored="0" total="1" passed="1" failed="0" skipped="0">
  <reporter-output>
  </reporter-output>
  <suite started-at="2024-08-14T12:35:08 IST" name="Default suite" finished-at="2024-08-14T12:35:15 IST" duration-ms="7442">
    <groups>
    </groups>
    <test started-at="2024-08-14T12:35:08 IST" name="Default test" finished-at="2024-08-14T12:35:15 IST" duration-ms="7442">
      <class name="testCases.TC_001_AccountRegistrationTest">
        <test-method is-config="true" signature="setup()[pri:0, instance:testCases.TC_001_AccountRegistrationTest@5b64c4b7]" started-at="2024-08-14T12:35:08 IST" name="setup" finished-at="2024-08-14T12:35:13 IST" duration-ms="4722" status="PASS">
          <reporter-output>
          </reporter-output>
        </test-method> <!-- setup -->
        <test-method signature="verify_account_registration()[pri:0, instance:testCases.TC_001_AccountRegistrationTest@5b64c4b7]" started-at="2024-08-14T12:35:13 IST" name="verify_account_registration" finished-at="2024-08-14T12:35:15 IST" duration-ms="2542" status="PASS">
          <reporter-output>
          </reporter-output>
        </test-method> <!-- verify_account_registration -->
        <test-method is-config="true" signature="tearDown()[pri:0, instance:testCases.TC_001_AccountRegistrationTest@5b64c4b7]" started-at="2024-08-14T12:35:15 IST" name="tearDown" finished-at="2024-08-14T12:35:15 IST" duration-ms="133" status="PASS">
          <reporter-output>
          </reporter-output>
        </test-method> <!-- tearDown -->
      </class> <!-- testCases.TC_001_AccountRegistrationTest -->
    </test> <!-- Default test -->
  </suite> <!-- Default suite -->
</testng-results>
